<component name="libraryTable">
  <library name="junit5">
    <CLASSES>
      <root url="jar://C:/Program Files/MySQL/mysql-connector-java-8.0.22/mysql-connector-java-8.0.22.jar!/" />
      <root url="jar://$PROJECT_DIR$/../Downloads/fastjson-1.2.75.jar!/" />
    </CLASSES>
    <JAVADOC />
    <SOURCES />
  </library>
</component>